1>errors in directory f:\vss\i_p_d_p_i\dokanlib\sys
1>ntifs.h(3291) : error C2061: syntax error : identifier 'FILE_ALIGNMENT_INFORMATION'
1>ntifs.h(3292) : error C2061: syntax error : identifier 'NameInformation'
1>ntifs.h(3292) : error C2059: syntax error : ';'
1>ntifs.h(3293) : error C2059: syntax error : '}'
1>ntifs.h(3334) : error C2061: syntax error : identifier 'FILE_ALIGNMENT_INFORMATION'
1>ntifs.h(3348) : error C2061: syntax error : identifier 'NameInformation'
1>ntifs.h(3348) : error C2059: syntax error : ';'
1>ntifs.h(3349) : error C2059: syntax error : '}'
1>ntifs.h(3879) : error C2061: syntax error : identifier 'PROCESS_WS_WATCH_INFORMATION'
1>ntifs.h(3880) : error C2059: syntax error : '}'
1>ntifs.h(3951) : error C2061: syntax error : identifier 'FILE_SEGMENT_ELEMENT'
1>ntifs.h(3952) : error C2059: syntax error : '}'
1>ntifs.h(4336) : error C2061: syntax error : identifier 'VM_COUNTERS'
1>ntifs.h(4338) : error C2061: syntax error : identifier 'IoCounters'
1>ntifs.h(4338) : error C2059: syntax error : ';'
1>ntifs.h(4341) : error C2059: syntax error : '}'
1>ntifs.h(4706) : error C2061: syntax error : identifier 'NT_TIB'
1>ntifs.h(4776) : error C2365: 'Spare3' : redefinition; previous definition was a 'enumerator'
1>ntifs.h(4792) : error C2059: syntax error : '}'
1>ntifs.h(5317) : error C2146: syntax error : missing ')' before identifier 'Vpb'
1>ntifs.h(5317) : error C2144: syntax error : '<Unknown>' should be preceded by '<Unknown>'
1>ntifs.h(5317) : error C2144: syntax error : '<Unknown>' should be preceded by '<Unknown>'
1>ntifs.h(5317) : error C2143: syntax error : missing ')' before 'identifier'
1>ntifs.h(5317) : error C2061: syntax error : identifier 'Vpb'
1>ntifs.h(5317) : error C2059: syntax error : ';'
1>ntifs.h(5318) : error C2059: syntax error : ')'
1>ntifs.h(7059) : error C2146: syntax error : missing ')' before identifier 'Number'
1>ntifs.h(7059) : error C2144: syntax error : '<Unknown>' should be preceded by '<Unknown>'
1>ntifs.h(7059) : error C2144: syntax error : '<Unknown>' should be preceded by '<Unknown>'
1>ntifs.h(7059) : error C2143: syntax error : missing ')' before 'identifier'
1>ntifs.h(7059) : error C2061: syntax error : identifier 'Number'
1>ntifs.h(7059) : error C2059: syntax error : ';'
1>ntifs.h(7060) : error C2059: syntax error : ')'
1>ntifs.h(7169) : error C2146: syntax error : missing ')' before identifier 'Number'
1>ntifs.h(7169) : error C2144: syntax error : '<Unknown>' should be preceded by '<Unknown>'
1>ntifs.h(7169) : error C2144: syntax error : '<Unknown>' should be preceded by '<Unknown>'
1>ntifs.h(7169) : error C2143: syntax error : missing ')' before 'identifier'
1>ntifs.h(7169) : error C2061: syntax error : identifier 'Number'
1>ntifs.h(7169) : error C2059: syntax error : ';'
1>ntifs.h(7169) : error C2059: syntax error : ','
1>ntifs.h(7171) : error C2059: syntax error : ')'
1>ntifs.h(7229) : error C2146: syntax error : missing ')' before identifier 'Number'
1>ntifs.h(7229) : error C2144: syntax error : '<Unknown>' should be preceded by '<Unknown>'
1>ntifs.h(7229) : error C2144: syntax error : '<Unknown>' should be preceded by '<Unknown>'
1>ntifs.h(7229) : error C2143: syntax error : missing ')' before 'identifier'
1>ntifs.h(7229) : error C2061: syntax error : identifier 'Number'
1>ntifs.h(7229) : error C2059: syntax error : ';'
1>ntifs.h(7229) : error C2059: syntax error : ','
1>ntifs.h(7231) : error C2059: syntax error : ')'
1>ntifs.h(7319) : error C2143: syntax error : missing ')' before '*'
1>ntifs.h(7319) : error C2081: 'PREAD_LIST' : name in formal parameter list illegal
1>ntifs.h(7319) : error C2143: syntax error : missing '{' before '*'
1>ntifs.h(7320) : error C2059: syntax error : ')'
1>ntifs.h(8103) : error C4028: formal parameter 1 different from declaration
1>ntifs.h(8812) : error C2146: syntax error : missing ')' before identifier 'PowerInformationLevel'
1>ntifs.h(8812) : error C2144: syntax error : '<Unknown>' should be preceded by '<Unknown>'
1>ntifs.h(8812) : error C2144: syntax error : '<Unknown>' should be preceded by '<Unknown>'
1>ntifs.h(8812) : error C2143: syntax error : missing ')' before 'identifier'
1>ntifs.h(8812) : error C2061: syntax error : identifier 'PowerInformationLevel'
1>ntifs.h(8812) : error C2059: syntax error : ';'
1>ntifs.h(8812) : error C2059: syntax error : ','
1>ntifs.h(8817) : error C2059: syntax error : ')'
1>ntifs.h(8902) : error C2146: syntax error : missing ')' before identifier 'ProcessInformationClass'
1>ntifs.h(8902) : error C2144: syntax error : '<Unknown>' should be preceded by '<Unknown>'
1>ntifs.h(8902) : error C2144: syntax error : '<Unknown>' should be preceded by '<Unknown>'
1>ntifs.h(8902) : error C2143: syntax error : missing ')' before 'identifier'
1>ntifs.h(8902) : error C2081: 'PROCESSINFOCLASS' : name in formal parameter list illegal
1>ntifs.h(8902) : error C2061: syntax error : identifier 'ProcessInformationClass'
1>ntifs.h(8902) : error C2059: syntax error : ';'
1>ntifs.h(8902) : error C2059: syntax error : ','
1>ntifs.h(8906) : error C2059: syntax error : ')'
1>ntifs.h(8915) : error C2146: syntax error : missing ')' before identifier 'ThreadInformationClass'
1>ntifs.h(8915) : error C2144: syntax error : '<Unknown>' should be preceded by '<Unknown>'
1>ntifs.h(8915) : error C2144: syntax error : '<Unknown>' should be preceded by '<Unknown>'
1>ntifs.h(8915) : error C2143: syntax error : missing ')' before 'identifier'
1>ntifs.h(8915) : error C2081: 'THREADINFOCLASS' : name in formal parameter list illegal
1>ntifs.h(8915) : error C2061: syntax error : identifier 'ThreadInformationClass'
1>ntifs.h(8915) : error C2059: syntax error : ';'
1>ntifs.h(8915) : error C2059: syntax error : ','
1>ntifs.h(8919) : error C2059: syntax error : ')'
1>ntifs.h(9098) : error C2146: syntax error : missing ')' before identifier 'ProcessInformationClass'
1>ntifs.h(9098) : error C2144: syntax error : '<Unknown>' should be preceded by '<Unknown>'
1>ntifs.h(9098) : error C2144: syntax error : '<Unknown>' should be preceded by '<Unknown>'
1>ntifs.h(9098) : error C2143: syntax error : missing ')' before 'identifier'
1>ntifs.h(9098) : error C2081: 'PROCESSINFOCLASS' : name in formal parameter list illegal
