BUILD: Computing Include file dependencies:
BUILD: Examining f:\vss\i_p_d_p_i\dokanlib\sys directory for files to compile.
Compiling (NoSync) f:\vss\i_p_d_p_i\dokanlib\sys directory ********************
1>'nmake.exe /nologo BUILDMSG=Stop. -i NTTEST= UMTEST= NOLINK=1 NOPASS0=1 PASS1_NOLIB=1 386=1'
1>BUILDMSG: Processing f:\vss\i_p_d_p_i\dokanlib\sys
1>    rc -l 409 -DSXS_ASSEMBLY_NAME=""""""  -DSXS_ASSEMBLY_LANGUAGE=""""""  -DSXS_PROCESSOR_ARCHITECTURE="""x86"""  -DSXS_TARGET="""dokan.sys"""   -DSYSTEM_COMPATIBLE_ASSEMBLY_NAME="""Microsoft.Windows.SystemCompatible"""  -DLSYSTEM_COMPATIBLE_ASSEMBLY_NAME=L"""Microsoft.Windows.SystemCompatible"""   -DSXS_ASSEMBLY_VERSION="""""" -z "MS Sans Serif,Helv/MS Shell Dlg"  -r -fo objfre_wxp_x86\i386\dokan.res -D_X86_=1 -Di386=1  -DSTD_CALL -DCONDITION_HANDLING=1   -DNT_INST=0 -DWIN32=100 -D_NT1X_=100 -DWINNT=1 -D_WIN32_WINNT=0x0501 /DWINVER=0x0501 -D_WIN32_IE=0x0603    -DWIN32_LEAN_AND_MEAN=1 -DDEVL=1 -D__BUILDMACHINE__=WinDDK -DFPO=0  -DNDEBUG -D_DLL=1    -Ic:\WINDDK\3790.1830\inc\mfc42 -Iobjfre_wxp_x86\i386 -Ic:\WINDDK\3790.1830\inc\wxp -Ic:\WINDDK\3790.1830\inc\wxp -Ic:\WINDDK\3790.1830\inc\ddk\wxp -Ic:\WINDDK\3790.1830\inc\ddk\wdm\wxp -Ic:\WINDDK\3790.1830\inc\crt .\dokan.rc
1>cl -nologo -Ii386\ -I. -Ic:\WINDDK\3790.1830\inc\mfc42 -Iobjfre_wxp_x86\i386 -Ic:\WINDDK\3790.1830\inc\wxp -Ic:\WINDDK\3790.1830\inc\wxp -Ic:\WINDDK\3790.1830\inc\ddk\wxp -Ic:\WINDDK\3790.1830\inc\ddk\wdm\wxp -Ic:\WINDDK\3790.1830\inc\crt -D_X86_=1 -Di386=1  -DSTD_CALL -DCONDITION_HANDLING=1   -DNT_INST=0 -DWIN32=100 -D_NT1X_=100 -DWINNT=1 -D_WIN32_WINNT=0x0501 /DWINVER=0x0501 -D_WIN32_IE=0x0603    -DWIN32_LEAN_AND_MEAN=1 -DDEVL=1 -D__BUILDMACHINE__=WinDDK -DFPO=0  -DNDEBUG -D_DLL=1      /c /Zl /Zp8 /Gy /Gm- -cbstring /W3 /WX /Gz  /GX-  /GR- /GF /GS /G6 /Ze /Gi- /QIfdiv- /hotpatch -Z7 /Oxs  /Oy-   -FIc:\WINDDK\3790.1830\inc\wxp\warning.h   .\dokan.c .\init.c .\create.c .\event.c .\directory.c .\fileinfo.c .\read.c .\write.c .\volume.c .\cleanup.c .\lock.c .\timeout.c .\flush.c .\device.c .\fscontrol.c .\notification.c 
1>dokan.c
1>f:\vss\I_p_D_p_I\dokanlib\sys\ntifs.h(3291) : error C2061: syntax error : identifier 'FILE_ALIGNMENT_INFORMATION'
1>f:\vss\I_p_D_p_I\dokanlib\sys\ntifs.h(3292) : error C2061: syntax error : identifier 'NameInformation'
1>f:\vss\I_p_D_p_I\dokanlib\sys\ntifs.h(3292) : error C2059: syntax error : ';'
1>f:\vss\I_p_D_p_I\dokanlib\sys\ntifs.h(3293) : error C2059: syntax error : '}'
1>f:\vss\I_p_D_p_I\dokanlib\sys\ntifs.h(3334) : error C2061: syntax error : identifier 'FILE_ALIGNMENT_INFORMATION'
1>f:\vss\I_p_D_p_I\dokanlib\sys\ntifs.h(3348) : error C2061: syntax error : identifier 'NameInformation'
1>f:\vss\I_p_D_p_I\dokanlib\sys\ntifs.h(3348) : error C2059: syntax error : ';'
1>f:\vss\I_p_D_p_I\dokanlib\sys\ntifs.h(3349) : error C2059: syntax error : '}'
1>f:\vss\I_p_D_p_I\dokanlib\sys\ntifs.h(3879) : error C2061: syntax error : identifier 'PROCESS_WS_WATCH_INFORMATION'
1>f:\vss\I_p_D_p_I\dokanlib\sys\ntifs.h(3880) : error C2059: syntax error : '}'
1>f:\vss\I_p_D_p_I\dokanlib\sys\ntifs.h(3951) : error C2061: syntax error : identifier 'FILE_SEGMENT_ELEMENT'
1>f:\vss\I_p_D_p_I\dokanlib\sys\ntifs.h(3952) : error C2059: syntax error : '}'
1>f:\vss\I_p_D_p_I\dokanlib\sys\ntifs.h(4336) : error C2061: syntax error : identifier 'VM_COUNTERS'
1>f:\vss\I_p_D_p_I\dokanlib\sys\ntifs.h(4338) : error C2061: syntax error : identifier 'IoCounters'
1>f:\vss\I_p_D_p_I\dokanlib\sys\ntifs.h(4338) : error C2059: syntax error : ';'
1>f:\vss\I_p_D_p_I\dokanlib\sys\ntifs.h(4341) : error C2059: syntax error : '}'
1>f:\vss\I_p_D_p_I\dokanlib\sys\ntifs.h(4706) : error C2061: syntax error : identifier 'NT_TIB'
1>f:\vss\I_p_D_p_I\dokanlib\sys\ntifs.h(4776) : error C2365: 'Spare3' : redefinition; previous definition was a 'enumerator'
1>        c:\WINDDK\3790.1830\inc\ddk\wdm\wxp\wdm.h(7003) : see declaration of 'Spare3'
1>f:\vss\I_p_D_p_I\dokanlib\sys\ntifs.h(4792) : error C2059: syntax error : '}'
1>f:\vss\I_p_D_p_I\dokanlib\sys\ntifs.h(5317) : error C2146: syntax error : missing ')' before identifier 'Vpb'
1>f:\vss\I_p_D_p_I\dokanlib\sys\ntifs.h(5317) : error C2144: syntax error : '<Unknown>' should be preceded by '<Unknown>'
1>f:\vss\I_p_D_p_I\dokanlib\sys\ntifs.h(5317) : error C2144: syntax error : '<Unknown>' should be preceded by '<Unknown>'
1>f:\vss\I_p_D_p_I\dokanlib\sys\ntifs.h(5317) : error C2143: syntax error : missing ')' before 'identifier'
1>f:\vss\I_p_D_p_I\dokanlib\sys\ntifs.h(5317) : error C2061: syntax error : identifier 'Vpb'
1>f:\vss\I_p_D_p_I\dokanlib\sys\ntifs.h(5317) : error C2059: syntax error : ';'
1>f:\vss\I_p_D_p_I\dokanlib\sys\ntifs.h(5318) : error C2059: syntax error : ')'
1>f:\vss\I_p_D_p_I\dokanlib\sys\ntifs.h(7059) : error C2146: syntax error : missing ')' before identifier 'Number'
1>f:\vss\I_p_D_p_I\dokanlib\sys\ntifs.h(7059) : error C2144: syntax error : '<Unknown>' should be preceded by '<Unknown>'
1>f:\vss\I_p_D_p_I\dokanlib\sys\ntifs.h(7059) : error C2144: syntax error : '<Unknown>' should be preceded by '<Unknown>'
1>f:\vss\I_p_D_p_I\dokanlib\sys\ntifs.h(7059) : error C2143: syntax error : missing ')' before 'identifier'
1>f:\vss\I_p_D_p_I\dokanlib\sys\ntifs.h(7059) : error C2061: syntax error : identifier 'Number'
1>f:\vss\I_p_D_p_I\dokanlib\sys\ntifs.h(7059) : error C2059: syntax error : ';'
1>f:\vss\I_p_D_p_I\dokanlib\sys\ntifs.h(7060) : error C2059: syntax error : ')'
1>f:\vss\I_p_D_p_I\dokanlib\sys\ntifs.h(7169) : error C2146: syntax error : missing ')' before identifier 'Number'
1>f:\vss\I_p_D_p_I\dokanlib\sys\ntifs.h(7169) : error C2144: syntax error : '<Unknown>' should be preceded by '<Unknown>'
1>f:\vss\I_p_D_p_I\dokanlib\sys\ntifs.h(7169) : error C2144: syntax error : '<Unknown>' should be preceded by '<Unknown>'
1>f:\vss\I_p_D_p_I\dokanlib\sys\ntifs.h(7169) : error C2143: syntax error : missing ')' before 'identifier'
1>f:\vss\I_p_D_p_I\dokanlib\sys\ntifs.h(7169) : error C2061: syntax error : identifier 'Number'
1>f:\vss\I_p_D_p_I\dokanlib\sys\ntifs.h(7169) : error C2059: syntax error : ';'
1>f:\vss\I_p_D_p_I\dokanlib\sys\ntifs.h(7169) : error C2059: syntax error : ','
1>f:\vss\I_p_D_p_I\dokanlib\sys\ntifs.h(7171) : error C2059: syntax error : ')'
1>f:\vss\I_p_D_p_I\dokanlib\sys\ntifs.h(7229) : error C2146: syntax error : missing ')' before identifier 'Number'
1>f:\vss\I_p_D_p_I\dokanlib\sys\ntifs.h(7229) : error C2144: syntax error : '<Unknown>' should be preceded by '<Unknown>'
1>f:\vss\I_p_D_p_I\dokanlib\sys\ntifs.h(7229) : error C2144: syntax error : '<Unknown>' should be preceded by '<Unknown>'
1>f:\vss\I_p_D_p_I\dokanlib\sys\ntifs.h(7229) : error C2143: syntax error : missing ')' before 'identifier'
1>f:\vss\I_p_D_p_I\dokanlib\sys\ntifs.h(7229) : error C2061: syntax error : identifier 'Number'
1>f:\vss\I_p_D_p_I\dokanlib\sys\ntifs.h(7229) : error C2059: syntax error : ';'
1>f:\vss\I_p_D_p_I\dokanlib\sys\ntifs.h(7229) : error C2059: syntax error : ','
1>f:\vss\I_p_D_p_I\dokanlib\sys\ntifs.h(7231) : error C2059: syntax error : ')'
1>f:\vss\I_p_D_p_I\dokanlib\sys\ntifs.h(7319) : error C2143: syntax error : missing ')' before '*'
1>f:\vss\I_p_D_p_I\dokanlib\sys\ntifs.h(7319) : error C2081: 'PREAD_LIST' : name in formal parameter list illegal
1>f:\vss\I_p_D_p_I\dokanlib\sys\ntifs.h(7319) : error C2143: syntax error : missing '{' before '*'
1>f:\vss\I_p_D_p_I\dokanlib\sys\ntifs.h(7320) : error C2059: syntax error : ')'
1>f:\vss\I_p_D_p_I\dokanlib\sys\ntifs.h(8103) : warning C4028: formal parameter 1 different from declaration
1>f:\vss\I_p_D_p_I\dokanlib\sys\ntifs.h(8812) : error C2146: syntax error : missing ')' before identifier 'PowerInformationLevel'
1>f:\vss\I_p_D_p_I\dokanlib\sys\ntifs.h(8812) : error C2144: syntax error : '<Unknown>' should be preceded by '<Unknown>'
1>f:\vss\I_p_D_p_I\dokanlib\sys\ntifs.h(8812) : error C2144: syntax error : '<Unknown>' should be preceded by '<Unknown>'
1>f:\vss\I_p_D_p_I\dokanlib\sys\ntifs.h(8812) : error C2143: syntax error : missing ')' before 'identifier'
1>f:\vss\I_p_D_p_I\dokanlib\sys\ntifs.h(8812) : error C2061: syntax error : identifier 'PowerInformationLevel'
1>f:\vss\I_p_D_p_I\dokanlib\sys\ntifs.h(8812) : error C2059: syntax error : ';'
1>f:\vss\I_p_D_p_I\dokanlib\sys\ntifs.h(8812) : error C2059: syntax error : ','
1>f:\vss\I_p_D_p_I\dokanlib\sys\ntifs.h(8817) : error C2059: syntax error : ')'
1>f:\vss\I_p_D_p_I\dokanlib\sys\ntifs.h(8902) : error C2146: syntax error : missing ')' before identifier 'ProcessInformationClass'
1>f:\vss\I_p_D_p_I\dokanlib\sys\ntifs.h(8902) : error C2144: syntax error : '<Unknown>' should be preceded by '<Unknown>'
1>f:\vss\I_p_D_p_I\dokanlib\sys\ntifs.h(8902) : error C2144: syntax error : '<Unknown>' should be preceded by '<Unknown>'
1>f:\vss\I_p_D_p_I\dokanlib\sys\ntifs.h(8902) : error C2143: syntax error : missing ')' before 'identifier'
1>f:\vss\I_p_D_p_I\dokanlib\sys\ntifs.h(8902) : error C2081: 'PROCESSINFOCLASS' : name in formal parameter list illegal
1>f:\vss\I_p_D_p_I\dokanlib\sys\ntifs.h(8902) : error C2061: syntax error : identifier 'ProcessInformationClass'
1>f:\vss\I_p_D_p_I\dokanlib\sys\ntifs.h(8902) : error C2059: syntax error : ';'
1>f:\vss\I_p_D_p_I\dokanlib\sys\ntifs.h(8902) : error C2059: syntax error : ','
1>f:\vss\I_p_D_p_I\dokanlib\sys\ntifs.h(8906) : error C2059: syntax error : ')'
1>f:\vss\I_p_D_p_I\dokanlib\sys\ntifs.h(8915) : error C2146: syntax error : missing ')' before identifier 'ThreadInformationClass'
1>f:\vss\I_p_D_p_I\dokanlib\sys\ntifs.h(8915) : error C2144: syntax error : '<Unknown>' should be preceded by '<Unknown>'
1>f:\vss\I_p_D_p_I\dokanlib\sys\ntifs.h(8915) : error C2144: syntax error : '<Unknown>' should be preceded by '<Unknown>'
1>f:\vss\I_p_D_p_I\dokanlib\sys\ntifs.h(8915) : error C2143: syntax error : missing ')' before 'identifier'
1>f:\vss\I_p_D_p_I\dokanlib\sys\ntifs.h(8915) : error C2081: 'THREADINFOCLASS' : name in formal parameter list illegal
1>f:\vss\I_p_D_p_I\dokanlib\sys\ntifs.h(8915) : error C2061: syntax error : identifier 'ThreadInformationClass'
1>f:\vss\I_p_D_p_I\dokanlib\sys\ntifs.h(8915) : error C2059: syntax error : ';'
1>f:\vss\I_p_D_p_I\dokanlib\sys\ntifs.h(8915) : error C2059: syntax error : ','
1>f:\vss\I_p_D_p_I\dokanlib\sys\ntifs.h(8919) : error C2059: syntax error : ')'
1>f:\vss\I_p_D_p_I\dokanlib\sys\ntifs.h(9098) : error C2146: syntax error : missing ')' before identifier 'ProcessInformationClass'
1>f:\vss\I_p_D_p_I\dokanlib\sys\ntifs.h(9098) : error C2144: syntax error : '<Unknown>' should be preceded by '<Unknown>'
1>f:\vss\I_p_D_p_I\dokanlib\sys\ntifs.h(9098) : error C2144: syntax error : '<Unknown>' should be preceded by '<Unknown>'
1>f:\vss\I_p_D_p_I\dokanlib\sys\ntifs.h(9098) : error C2143: syntax error : missing ')' before 'identifier'
1>f:\vss\I_p_D_p_I\dokanlib\sys\ntifs.h(9098) : error C2081: 'PROCESSINFOCLASS' : name in formal parameter list illegal
